
------------------------------------------------------------

Match - 13 instances

./out/clone-dataset/base.js:2,2
const five = [0, 1, 2, 3, 4, 5, 56, 67, 78, 89, 9, 456, 6, 4523, 4, 3];

./out/clone-dataset/type1_1.js:2,2
const five = [0, 1, 2, 3, 4, 5, 56, 67, 78, 89, 9, 456, 6, 4523, 4, 3];

./out/clone-dataset/type1_2.js:2,2
const five = [0, 1, 2, 3, 4, 5, 56, 67, 78, 89, 9, 456, 6, 4523, 4, 3];

./out/clone-dataset/type1_3.js:2,17
const five = [0,
    1,
    2,
    3,
    4,
    5,
    56,
    67,
    78,
    89,
    9, 
    456,
    6,
    4523,
    4,
    3];

./out/clone-dataset/type1_4.js:2,2
const five = [0, 1, 2, 3, 4, 5, 56, 67, 78, 89, 9, 456, 6, 4523, 4, 3];

./out/clone-dataset/type2_1.js:2,2
const numbers = [0, 1, 2, 3, 4, 5, 56, 67, 78, 89, 9, 456, 6, 4523, 4, 3];

./out/clone-dataset/type2_2.js:2,2
const five = [0, 1, 2, 3, 4, 5, 56, 67, 78, 89, 9, 456, 6, 4523, 4, 3];

./out/clone-dataset/type2_3.js:2,2
const a = [0, 1, 2, 3, 4, 5, 56, 67, 78, 89, 9, 456, 6, 4523, 4, 3];

./out/clone-dataset/type2_4.js:2,2
const five = [0, 1, 2, 3, 4, 5, 56, 67, 78, 89, 9, 456, 6, 4523, 4, 3];

./out/clone-dataset/type3_1.js:2,2
const five = [0, 1, 2, 3, 4, 5, 56, 67, 78, 89, 9, 456, 6, 4523, 4, 3];

./out/clone-dataset/type3_2.js:2,2
const five = [0, 1, 2, 3, 4, 5, 56, 67, 78, 89, 9, 456, 6, 4523, 4, 3];

./out/clone-dataset/type3_3.js:2,2
const five = [0, 1, 2, 3, 4, 5, 56, 67, 78, 89, 9, 456, 6, 4523, 4, 3];

./out/clone-dataset/type3_4.js:3,3
five.concat([0, 1, 2, 3, 4, 5, 56, 67, 78, 89, 9, 456, 6, 4523, 4, 3]);

------------------------------------------------------------

Match - 13 instances

./out/clone-dataset/base.js:6,6
if (five[i].toString().includes('5')) {

./out/clone-dataset/type1_1.js:5,5
if (five[i].toString().includes('5')) {

./out/clone-dataset/type1_2.js:6,6
if (five[i].toString().includes('5')) {

./out/clone-dataset/type1_3.js:21,21
if (five[i].toString().includes('5')) {

./out/clone-dataset/type1_4.js:6,6
if (five[i].toString().includes('5')) { count++; }

./out/clone-dataset/type2_1.js:6,6
if (numbers[i].toString().includes('5')) {

./out/clone-dataset/type2_2.js:6,6
if (five[i].toString().includes('5')) {

./out/clone-dataset/type2_3.js:6,6
if (a[c].toString().includes('5')) {

./out/clone-dataset/type2_4.js:6,6
if (five[i].toString().includes('5')) {

./out/clone-dataset/type3_1.js:6,6
if (five[i].toString().includes('5')) {

./out/clone-dataset/type3_2.js:7,7
if (five[i].toString().includes('5')) {

./out/clone-dataset/type3_3.js:6,6
if(five[i].toString().indexOf('5') > -1){

./out/clone-dataset/type3_4.js:7,7
if (five[i].toString().includes('5')) {

------------------------------------------------------------

Match - 12 instances

./out/clone-dataset/base.js:3,6
let count = 0;
// for loop over array
for (i = 0; i < five.length; i++) {
    if (five[i].toString().includes('5')) {

./out/clone-dataset/type1_1.js:3,5
let count = 0;
for (i = 0; i < five.length; i++) {
    if (five[i].toString().includes('5')) {

./out/clone-dataset/type1_2.js:3,8
let count = 0;
// for loop over array
for (i = 0; i < five.length; i++) {
    if (five[i].toString().includes('5')) {
        // add to count if number includes a five
        count++; } } console.log(count)

./out/clone-dataset/type1_3.js:18,23
let count = 0;
// for loop over array
for (i = 0; i < five.length; i++) {
    if (five[i].toString().includes('5')) {
        // add to count if number includes a five
        count++; } } console.log(count)

./out/clone-dataset/type1_4.js:3,7
let count = 0;
// for loop over array
for (i=0; i<five.length; i++) {
    if (five[i].toString().includes('5')) { count++; }
} console.log(count)

./out/clone-dataset/type2_1.js:3,6
let count = 0;
// for loop over array
for (i = 0; i < numbers.length; i++) {
    if (numbers[i].toString().includes('5')) {

./out/clone-dataset/type2_2.js:3,6
let total = 0;
// for loop over array
for (i = 0; i < five.length; i++) {
    if (five[i].toString().includes('5')) {

./out/clone-dataset/type2_3.js:3,6
let b = 0;
// for loop over array
for (c = 0; c < a.length; c++) {
    if (a[c].toString().includes('5')) {

./out/clone-dataset/type2_4.js:3,6
var count = 0;
// for loop over array
for (i = 0; i < five.length; i++) {
    if (five[i].toString().includes('5')) {

./out/clone-dataset/type3_1.js:3,6
let count = 0;
// for loop over array
for (i = 0; i < five.length; i++) {
    if (five[i].toString().includes('5')) {

./out/clone-dataset/type3_3.js:3,6
let count = 0;
// for loop over array
for (i = 0; i < five.length; i++) {
    if(five[i].toString().indexOf('5') > -1){

./out/clone-dataset/type3_4.js:4,7
let count = 0;
// for loop over array
for (i = 0; i < five.length; i++) {
    if (five[i].toString().includes('5')) {

3 matches found across 13 files
